<?xml version="1.0" encoding="UTF-8"?>
<!-- Generated by org.testng.reporters.JUnitXMLReporter -->
<testsuite ignored="0" hostname="LAPTOP-N3B9BISG" failures="1" tests="1" name="chromeTest" time="14.011" errors="0" timestamp="2025-07-30T18:59:01 IST">
  <testcase classname="testCases.TC_002LoginTest" name="verify_login" time="10.582">
    <failure type="java.lang.AssertionError" message="expected [false] but found [true]">
      <![CDATA[java.lang.AssertionError: expected [false] but found [true]
at testCases.TC_002LoginTest.verify_login(TC_002LoginTest.java:32)
at java.base/java.util.ArrayList.forEach(ArrayList.java:1596)
... Removed 32 stack frames]]>
    </failure>
  </testcase> <!-- verify_login -->
</testsuite> <!-- chromeTest -->
